<?xml version="1.0" encoding="UTF-8"?>
<TestRun id="03e9aefc-0224-43b5-943e-e75c9b19e7b7" name="myfamily@MYFAMILY-PC 2012-04-19 15:31:37" runUser="myfamily-PC\myfamily" xmlns="http://microsoft.com/schemas/VisualStudio/TeamTest/2010">
  <TestSettings name="本地" id="30fa130a-0b35-4b6d-ba3b-5fa4a98ad95c">
    <Description>这些设置为本地测试运行的默认测试设置。</Description>
    <Deployment enabled="false" runDeploymentRoot="myfamily_MYFAMILY-PC 2012-04-19 15_31_37" />
    <Execution>
      <TestTypeSpecific />
      <AgentRule name="Execution Agents">
      </AgentRule>
    </Execution>
  </TestSettings>
  <Times creation="2012-04-19T15:31:37.0361328+08:00" queuing="2012-04-19T15:31:37.0527343+08:00" start="2012-04-19T15:31:37.1152343+08:00" finish="2012-04-19T15:31:37.5517578+08:00" />
  <ResultSummary outcome="Completed">
    <Counters total="1" executed="1" passed="1" error="0" failed="0" timeout="0" aborted="0" inconclusive="0" passedButRunAborted="0" notRunnable="0" notExecuted="0" disconnected="0" warning="0" completed="0" inProgress="0" pending="0" />
  </ResultSummary>
  <TestDefinitions>
    <UnitTest name="TestMethod1" storage="c:\users\myfamily\documents\visual studio 2010\projects\testofbowling\testofbowling\bin\debug\testofbowling.dll" id="a664ed48-b0f5-f2d9-6a2f-d0ab3182267e">
      <Execution id="3284b1f5-ac11-4e6c-bf95-4182e612e100" />
      <TestMethod codeBase="c:/users/myfamily/documents/visual studio 2010/Projects/TestOfBowling/TestOfBowling/bin/Debug/TestOfBowling.DLL" adapterTypeName="Microsoft.VisualStudio.TestTools.TestTypes.Unit.UnitTestAdapter, Microsoft.VisualStudio.QualityTools.Tips.UnitTest.Adapter, Version=10.0.0.0, Culture=neutral, PublicKeyToken=b03f5f7f11d50a3a" className="TestOfBowling.FrameTest, TestOfBowling, Version=1.0.0.0, Culture=neutral, PublicKeyToken=null" name="TestMethod1" />
    </UnitTest>
  </TestDefinitions>
  <TestLists>
    <TestList name="列表中未列出的结果" id="8c84fa94-04c1-424b-9868-57a2d4851a1d" />
    <TestList name="所有已加载的结果" id="19431567-8539-422a-85d7-44ee4e166bda" />
  </TestLists>
  <TestEntries>
    <TestEntry testId="a664ed48-b0f5-f2d9-6a2f-d0ab3182267e" executionId="3284b1f5-ac11-4e6c-bf95-4182e612e100" testListId="8c84fa94-04c1-424b-9868-57a2d4851a1d" />
  </TestEntries>
  <Results>
    <UnitTestResult executionId="3284b1f5-ac11-4e6c-bf95-4182e612e100" testId="a664ed48-b0f5-f2d9-6a2f-d0ab3182267e" testName="TestMethod1" computerName="MYFAMILY-PC" duration="00:00:00.0221653" startTime="2012-04-19T15:31:37.1474609+08:00" endTime="2012-04-19T15:31:37.5253906+08:00" testType="13cdc9d9-ddb5-4fa4-a97d-d965ccfc6d4b" outcome="Passed" testListId="8c84fa94-04c1-424b-9868-57a2d4851a1d" relativeResultsDirectory="3284b1f5-ac11-4e6c-bf95-4182e612e100">
    </UnitTestResult>
  </Results>
</TestRun>