<?xml version="1.0" encoding="UTF-8"?>
<TestRun id="fb853b27-6603-4b72-a373-40f5ec9431fe" name="myfamily@MYFAMILY-PC 2012-04-19 22:39:20" runUser="myfamily-PC\myfamily" xmlns="http://microsoft.com/schemas/VisualStudio/TeamTest/2010">
  <TestSettings name="本地" id="30fa130a-0b35-4b6d-ba3b-5fa4a98ad95c">
    <Description>这些设置为本地测试运行的默认测试设置。</Description>
    <Deployment enabled="false" runDeploymentRoot="myfamily_MYFAMILY-PC 2012-04-19 22_39_20" />
    <Execution>
      <TestTypeSpecific />
      <AgentRule name="Execution Agents">
      </AgentRule>
    </Execution>
  </TestSettings>
  <Times creation="2012-04-19T22:39:20.3408203+08:00" queuing="2012-04-19T22:39:20.4277343+08:00" start="2012-04-19T22:39:20.4541015+08:00" finish="2012-04-19T22:39:21.0957031+08:00" />
  <ResultSummary outcome="Failed">
    <Counters total="4" executed="4" passed="3" error="0" failed="1" timeout="0" aborted="0" inconclusive="0" passedButRunAborted="0" notRunnable="0" notExecuted="0" disconnected="0" warning="0" completed="0" inProgress="0" pending="0" />
  </ResultSummary>
  <TestDefinitions>
    <UnitTest name="TestTwoThrowNoMark" storage="c:\users\myfamily\documents\visual studio 2010\projects\testofbowling\testofbowling\bin\debug\testofbowling.dll" id="8ca4f23a-d98e-32ac-1905-d5e658b05f5f">
      <Execution id="17288c67-48e8-4895-bf1e-444aaba47065" />
      <TestMethod codeBase="C:/Users/myfamily/documents/visual studio 2010/Projects/TestOfBowling/TestOfBowling/bin/Debug/TestOfBowling.DLL" adapterTypeName="Microsoft.VisualStudio.TestTools.TestTypes.Unit.UnitTestAdapter, Microsoft.VisualStudio.QualityTools.Tips.UnitTest.Adapter, Version=10.0.0.0, Culture=neutral, PublicKeyToken=b03f5f7f11d50a3a" className="TestOfBowling.GameTest, TestOfBowling, Version=1.0.0.0, Culture=neutral, PublicKeyToken=null" name="TestTwoThrowNoMark" />
    </UnitTest>
    <UnitTest name="TestFourThrowsNoMark" storage="c:\users\myfamily\documents\visual studio 2010\projects\testofbowling\testofbowling\bin\debug\testofbowling.dll" id="8e6f7331-ea5b-42f6-88f6-93e9dc8f019e">
      <Execution id="219ffb17-c1e9-44ac-9ec6-d2c99ebac987" />
      <TestMethod codeBase="C:/Users/myfamily/documents/visual studio 2010/Projects/TestOfBowling/TestOfBowling/bin/Debug/TestOfBowling.DLL" adapterTypeName="Microsoft.VisualStudio.TestTools.TestTypes.Unit.UnitTestAdapter, Microsoft.VisualStudio.QualityTools.Tips.UnitTest.Adapter, Version=10.0.0.0, Culture=neutral, PublicKeyToken=b03f5f7f11d50a3a" className="TestOfBowling.GameTest, TestOfBowling, Version=1.0.0.0, Culture=neutral, PublicKeyToken=null" name="TestFourThrowsNoMark" />
    </UnitTest>
    <UnitTest name="TestOneThrow" storage="c:\users\myfamily\documents\visual studio 2010\projects\testofbowling\testofbowling\bin\debug\testofbowling.dll" id="8a9b7288-67f7-6453-ec71-e8a325e7b2d2">
      <Execution id="2d0a9675-0468-42fb-abf4-08aff2df970c" />
      <TestMethod codeBase="C:/Users/myfamily/documents/visual studio 2010/Projects/TestOfBowling/TestOfBowling/bin/Debug/TestOfBowling.DLL" adapterTypeName="Microsoft.VisualStudio.TestTools.TestTypes.Unit.UnitTestAdapter, Microsoft.VisualStudio.QualityTools.Tips.UnitTest.Adapter, Version=10.0.0.0, Culture=neutral, PublicKeyToken=b03f5f7f11d50a3a" className="TestOfBowling.GameTest, TestOfBowling, Version=1.0.0.0, Culture=neutral, PublicKeyToken=null" name="TestOneThrow" />
    </UnitTest>
    <UnitTest name="TestSimpleSpare" storage="c:\users\myfamily\documents\visual studio 2010\projects\testofbowling\testofbowling\bin\debug\testofbowling.dll" id="ae1b6d7a-8fda-e440-28e1-73f5e0636850">
      <Execution id="a9381109-38b9-48c2-82f4-5d9c460c3d1e" />
      <TestMethod codeBase="C:/Users/myfamily/documents/visual studio 2010/Projects/TestOfBowling/TestOfBowling/bin/Debug/TestOfBowling.DLL" adapterTypeName="Microsoft.VisualStudio.TestTools.TestTypes.Unit.UnitTestAdapter, Microsoft.VisualStudio.QualityTools.Tips.UnitTest.Adapter, Version=10.0.0.0, Culture=neutral, PublicKeyToken=b03f5f7f11d50a3a" className="TestOfBowling.GameTest, TestOfBowling, Version=1.0.0.0, Culture=neutral, PublicKeyToken=null" name="TestSimpleSpare" />
    </UnitTest>
  </TestDefinitions>
  <TestLists>
    <TestList name="列表中未列出的结果" id="8c84fa94-04c1-424b-9868-57a2d4851a1d" />
    <TestList name="所有已加载的结果" id="19431567-8539-422a-85d7-44ee4e166bda" />
  </TestLists>
  <TestEntries>
    <TestEntry testId="8a9b7288-67f7-6453-ec71-e8a325e7b2d2" executionId="2d0a9675-0468-42fb-abf4-08aff2df970c" testListId="8c84fa94-04c1-424b-9868-57a2d4851a1d" />
    <TestEntry testId="8ca4f23a-d98e-32ac-1905-d5e658b05f5f" executionId="17288c67-48e8-4895-bf1e-444aaba47065" testListId="8c84fa94-04c1-424b-9868-57a2d4851a1d" />
    <TestEntry testId="8e6f7331-ea5b-42f6-88f6-93e9dc8f019e" executionId="219ffb17-c1e9-44ac-9ec6-d2c99ebac987" testListId="8c84fa94-04c1-424b-9868-57a2d4851a1d" />
    <TestEntry testId="ae1b6d7a-8fda-e440-28e1-73f5e0636850" executionId="a9381109-38b9-48c2-82f4-5d9c460c3d1e" testListId="8c84fa94-04c1-424b-9868-57a2d4851a1d" />
  </TestEntries>
  <Results>
    <UnitTestResult executionId="2d0a9675-0468-42fb-abf4-08aff2df970c" testId="8a9b7288-67f7-6453-ec71-e8a325e7b2d2" testName="TestOneThrow" computerName="MYFAMILY-PC" duration="00:00:00.0217653" startTime="2012-04-19T22:39:20.4794921+08:00" endTime="2012-04-19T22:39:20.9023437+08:00" testType="13cdc9d9-ddb5-4fa4-a97d-d965ccfc6d4b" outcome="Passed" testListId="8c84fa94-04c1-424b-9868-57a2d4851a1d" relativeResultsDirectory="2d0a9675-0468-42fb-abf4-08aff2df970c">
    </UnitTestResult>
    <UnitTestResult executionId="17288c67-48e8-4895-bf1e-444aaba47065" testId="8ca4f23a-d98e-32ac-1905-d5e658b05f5f" testName="TestTwoThrowNoMark" computerName="MYFAMILY-PC" duration="00:00:00.0015479" startTime="2012-04-19T22:39:20.9208984+08:00" endTime="2012-04-19T22:39:20.9365234+08:00" testType="13cdc9d9-ddb5-4fa4-a97d-d965ccfc6d4b" outcome="Passed" testListId="8c84fa94-04c1-424b-9868-57a2d4851a1d" relativeResultsDirectory="17288c67-48e8-4895-bf1e-444aaba47065">
    </UnitTestResult>
    <UnitTestResult executionId="219ffb17-c1e9-44ac-9ec6-d2c99ebac987" testId="8e6f7331-ea5b-42f6-88f6-93e9dc8f019e" testName="TestFourThrowsNoMark" computerName="MYFAMILY-PC" duration="00:00:00.0203185" startTime="2012-04-19T22:39:20.9619140+08:00" endTime="2012-04-19T22:39:20.9970703+08:00" testType="13cdc9d9-ddb5-4fa4-a97d-d965ccfc6d4b" outcome="Passed" testListId="8c84fa94-04c1-424b-9868-57a2d4851a1d" relativeResultsDirectory="219ffb17-c1e9-44ac-9ec6-d2c99ebac987">
    </UnitTestResult>
    <UnitTestResult executionId="a9381109-38b9-48c2-82f4-5d9c460c3d1e" testId="ae1b6d7a-8fda-e440-28e1-73f5e0636850" testName="TestSimpleSpare" computerName="MYFAMILY-PC" duration="00:00:00.0273392" startTime="2012-04-19T22:39:21.0019531+08:00" endTime="2012-04-19T22:39:21.0449218+08:00" testType="13cdc9d9-ddb5-4fa4-a97d-d965ccfc6d4b" outcome="Failed" testListId="8c84fa94-04c1-424b-9868-57a2d4851a1d" relativeResultsDirectory="a9381109-38b9-48c2-82f4-5d9c460c3d1e">
      <Output>
        <ErrorInfo>
          <Message>测试方法 TestOfBowling.GameTest.TestSimpleSpare 引发了异常: 
System.NullReferenceException: 未将对象引用设置到对象的实例。</Message>
          <StackTrace>    在 TestOfBowling.GameTest.TestSimpleSpare() 位置 C:\Users\myfamily\documents\visual studio 2010\Projects\TestOfBowling\TestOfBowling\GameTest.cs:行号 83
</StackTrace>
        </ErrorInfo>
      </Output>
    </UnitTestResult>
  </Results>
</TestRun>