<?xml version="1.0" encoding="UTF-8"?>
<TestRun id="cdcfb933-2ccf-412d-9780-ab9b55be04b1" name="myfamily@MYFAMILY-PC 2012-04-19 18:02:58" runUser="myfamily-PC\myfamily" xmlns="http://microsoft.com/schemas/VisualStudio/TeamTest/2010">
  <TestSettings name="本地" id="30fa130a-0b35-4b6d-ba3b-5fa4a98ad95c">
    <Description>这些设置为本地测试运行的默认测试设置。</Description>
    <Deployment enabled="false" runDeploymentRoot="myfamily_MYFAMILY-PC 2012-04-19 18_02_58" />
    <Execution>
      <TestTypeSpecific />
      <AgentRule name="Execution Agents">
      </AgentRule>
    </Execution>
  </TestSettings>
  <Times creation="2012-04-19T18:02:58.1240234+08:00" queuing="2012-04-19T18:03:12.3828125+08:00" start="2012-04-19T18:03:12.9208984+08:00" finish="2012-04-19T18:03:26.1679687+08:00" />
  <ResultSummary outcome="Error">
    <Counters total="5" executed="5" passed="4" error="0" failed="0" timeout="0" aborted="1" inconclusive="0" passedButRunAborted="0" notRunnable="0" notExecuted="0" disconnected="0" warning="0" completed="0" inProgress="0" pending="0" />
    <RunInfos>
      <RunInfo computerName="MYFAMILY-PC" outcome="Error" timestamp="2012-04-19T18:03:26.1503906+08:00">
        <Text>测试宿主进程意外退出。</Text>
      </RunInfo>
    </RunInfos>
  </ResultSummary>
  <TestDefinitions>
    <UnitTest name="TestTwoThrowNoMark" storage="c:\users\myfamily\documents\visual studio 2010\projects\testofbowling\testofbowling\bin\debug\testofbowling.dll" id="8ca4f23a-d98e-32ac-1905-d5e658b05f5f">
      <Execution id="fc485695-c797-4be6-93c7-ee98400d7ad5" />
      <TestMethod codeBase="C:/Users/myfamily/documents/visual studio 2010/Projects/TestOfBowling/TestOfBowling/bin/Debug/TestOfBowling.DLL" adapterTypeName="Microsoft.VisualStudio.TestTools.TestTypes.Unit.UnitTestAdapter, Microsoft.VisualStudio.QualityTools.Tips.UnitTest.Adapter, Version=10.0.0.0, Culture=neutral, PublicKeyToken=b03f5f7f11d50a3a" className="TestOfBowling.GameTest, TestOfBowling, Version=1.0.0.0, Culture=neutral, PublicKeyToken=null" name="TestTwoThrowNoMark" />
    </UnitTest>
    <UnitTest name="TestFourThrowsNoMark" storage="c:\users\myfamily\documents\visual studio 2010\projects\testofbowling\testofbowling\bin\debug\testofbowling.dll" id="8e6f7331-ea5b-42f6-88f6-93e9dc8f019e">
      <Execution id="730dc733-aaf7-4b55-b40c-388a5c19f8b5" />
      <TestMethod codeBase="C:/Users/myfamily/documents/visual studio 2010/Projects/TestOfBowling/TestOfBowling/bin/Debug/TestOfBowling.DLL" adapterTypeName="Microsoft.VisualStudio.TestTools.TestTypes.Unit.UnitTestAdapter, Microsoft.VisualStudio.QualityTools.Tips.UnitTest.Adapter, Version=10.0.0.0, Culture=neutral, PublicKeyToken=b03f5f7f11d50a3a" className="TestOfBowling.GameTest, TestOfBowling, Version=1.0.0.0, Culture=neutral, PublicKeyToken=null" name="TestFourThrowsNoMark" />
    </UnitTest>
    <UnitTest name="TestOneThrow" storage="c:\users\myfamily\documents\visual studio 2010\projects\testofbowling\testofbowling\bin\debug\testofbowling.dll" id="8a9b7288-67f7-6453-ec71-e8a325e7b2d2">
      <Execution id="0be256e4-ed08-456f-92a5-6c2f4e8a2dbc" />
      <TestMethod codeBase="C:/Users/myfamily/documents/visual studio 2010/Projects/TestOfBowling/TestOfBowling/bin/Debug/TestOfBowling.DLL" adapterTypeName="Microsoft.VisualStudio.TestTools.TestTypes.Unit.UnitTestAdapter, Microsoft.VisualStudio.QualityTools.Tips.UnitTest.Adapter, Version=10.0.0.0, Culture=neutral, PublicKeyToken=b03f5f7f11d50a3a" className="TestOfBowling.GameTest, TestOfBowling, Version=1.0.0.0, Culture=neutral, PublicKeyToken=null" name="TestOneThrow" />
    </UnitTest>
    <UnitTest name="TestSimpleSpare" storage="c:\users\myfamily\documents\visual studio 2010\projects\testofbowling\testofbowling\bin\debug\testofbowling.dll" id="ae1b6d7a-8fda-e440-28e1-73f5e0636850">
      <Execution id="e9e1bef8-02a8-42cc-bc46-5f507e63ba07" />
      <TestMethod codeBase="C:/Users/myfamily/documents/visual studio 2010/Projects/TestOfBowling/TestOfBowling/bin/Debug/TestOfBowling.DLL" adapterTypeName="Microsoft.VisualStudio.TestTools.TestTypes.Unit.UnitTestAdapter, Microsoft.VisualStudio.QualityTools.Tips.UnitTest.Adapter, Version=10.0.0.0, Culture=neutral, PublicKeyToken=b03f5f7f11d50a3a" className="TestOfBowling.GameTest, TestOfBowling, Version=1.0.0.0, Culture=neutral, PublicKeyToken=null" name="TestSimpleSpare" />
    </UnitTest>
    <UnitTest name="TestMethod1" storage="c:\users\myfamily\documents\visual studio 2010\projects\testofbowling\testofbowling\bin\debug\testofbowling.dll" id="23ff73ad-8bfd-9b1b-7bf6-04c036dc6b29">
      <Execution id="ac598a92-5bba-45ef-a1a9-fdae6daadc0e" />
      <TestMethod codeBase="C:/Users/myfamily/documents/visual studio 2010/Projects/TestOfBowling/TestOfBowling/bin/Debug/TestOfBowling.DLL" adapterTypeName="Microsoft.VisualStudio.TestTools.TestTypes.Unit.UnitTestAdapter, Microsoft.VisualStudio.QualityTools.Tips.UnitTest.Adapter, Version=10.0.0.0, Culture=neutral, PublicKeyToken=b03f5f7f11d50a3a" className="TestOfBowling.GameTest, TestOfBowling, Version=1.0.0.0, Culture=neutral, PublicKeyToken=null" name="TestMethod1" />
    </UnitTest>
  </TestDefinitions>
  <TestLists>
    <TestList name="列表中未列出的结果" id="8c84fa94-04c1-424b-9868-57a2d4851a1d" />
    <TestList name="所有已加载的结果" id="19431567-8539-422a-85d7-44ee4e166bda" />
  </TestLists>
  <TestEntries>
    <TestEntry testId="23ff73ad-8bfd-9b1b-7bf6-04c036dc6b29" executionId="ac598a92-5bba-45ef-a1a9-fdae6daadc0e" testListId="8c84fa94-04c1-424b-9868-57a2d4851a1d" />
    <TestEntry testId="8a9b7288-67f7-6453-ec71-e8a325e7b2d2" executionId="0be256e4-ed08-456f-92a5-6c2f4e8a2dbc" testListId="8c84fa94-04c1-424b-9868-57a2d4851a1d" />
    <TestEntry testId="8ca4f23a-d98e-32ac-1905-d5e658b05f5f" executionId="fc485695-c797-4be6-93c7-ee98400d7ad5" testListId="8c84fa94-04c1-424b-9868-57a2d4851a1d" />
    <TestEntry testId="8e6f7331-ea5b-42f6-88f6-93e9dc8f019e" executionId="730dc733-aaf7-4b55-b40c-388a5c19f8b5" testListId="8c84fa94-04c1-424b-9868-57a2d4851a1d" />
    <TestEntry testId="ae1b6d7a-8fda-e440-28e1-73f5e0636850" executionId="e9e1bef8-02a8-42cc-bc46-5f507e63ba07" testListId="8c84fa94-04c1-424b-9868-57a2d4851a1d" />
  </TestEntries>
  <Results>
    <UnitTestResult executionId="ac598a92-5bba-45ef-a1a9-fdae6daadc0e" testId="23ff73ad-8bfd-9b1b-7bf6-04c036dc6b29" testName="TestMethod1" computerName="MYFAMILY-PC" duration="00:00:00.0232468" startTime="2012-04-19T18:03:13.1376953+08:00" endTime="2012-04-19T18:03:15.4697265+08:00" testType="13cdc9d9-ddb5-4fa4-a97d-d965ccfc6d4b" outcome="Passed" testListId="8c84fa94-04c1-424b-9868-57a2d4851a1d" relativeResultsDirectory="ac598a92-5bba-45ef-a1a9-fdae6daadc0e">
    </UnitTestResult>
    <UnitTestResult executionId="0be256e4-ed08-456f-92a5-6c2f4e8a2dbc" testId="8a9b7288-67f7-6453-ec71-e8a325e7b2d2" testName="TestOneThrow" computerName="MYFAMILY-PC" duration="00:00:00.0010688" startTime="2012-04-19T18:03:15.4794921+08:00" endTime="2012-04-19T18:03:15.5126953+08:00" testType="13cdc9d9-ddb5-4fa4-a97d-d965ccfc6d4b" outcome="Passed" testListId="8c84fa94-04c1-424b-9868-57a2d4851a1d" relativeResultsDirectory="0be256e4-ed08-456f-92a5-6c2f4e8a2dbc">
    </UnitTestResult>
    <UnitTestResult executionId="fc485695-c797-4be6-93c7-ee98400d7ad5" testId="8ca4f23a-d98e-32ac-1905-d5e658b05f5f" testName="TestTwoThrowNoMark" computerName="MYFAMILY-PC" duration="00:00:00.0004427" startTime="2012-04-19T18:03:15.5253906+08:00" endTime="2012-04-19T18:03:15.5478515+08:00" testType="13cdc9d9-ddb5-4fa4-a97d-d965ccfc6d4b" outcome="Passed" testListId="8c84fa94-04c1-424b-9868-57a2d4851a1d" relativeResultsDirectory="fc485695-c797-4be6-93c7-ee98400d7ad5">
    </UnitTestResult>
    <UnitTestResult executionId="730dc733-aaf7-4b55-b40c-388a5c19f8b5" testId="8e6f7331-ea5b-42f6-88f6-93e9dc8f019e" testName="TestFourThrowsNoMark" computerName="MYFAMILY-PC" duration="00:00:00.0211633" startTime="2012-04-19T18:03:15.5693359+08:00" endTime="2012-04-19T18:03:15.6152343+08:00" testType="13cdc9d9-ddb5-4fa4-a97d-d965ccfc6d4b" outcome="Passed" testListId="8c84fa94-04c1-424b-9868-57a2d4851a1d" relativeResultsDirectory="730dc733-aaf7-4b55-b40c-388a5c19f8b5">
    </UnitTestResult>
    <UnitTestResult executionId="e9e1bef8-02a8-42cc-bc46-5f507e63ba07" testId="ae1b6d7a-8fda-e440-28e1-73f5e0636850" testName="TestSimpleSpare" computerName="MYFAMILY-PC" duration="00:00:10.5205078" startTime="2012-04-19T18:03:15.6347656+08:00" endTime="2012-04-19T18:03:26.1552734+08:00" testType="13cdc9d9-ddb5-4fa4-a97d-d965ccfc6d4b" outcome="Aborted" testListId="8c84fa94-04c1-424b-9868-57a2d4851a1d" relativeResultsDirectory="e9e1bef8-02a8-42cc-bc46-5f507e63ba07">
    </UnitTestResult>
  </Results>
</TestRun>